Sep 25, 2025 01:46:53.522 [0x7f7e2c9cab38] INFO - Plex Tuner Service v1.42.2.10156-f737b826c - Docker Docker Container (LinuxServer.io) x86_64 - build: 
Sep 25, 2025 01:46:53.523 [0x7f7e2c9cab38] INFO - Linux version: 5.15.167.4-microsoft-standard-WSL2 (#1 SMP Tue Nov 5 00:21:55 UTC 2024), language: en-US
Sep 25, 2025 01:46:53.523 [0x7f7e2c9cab38] INFO - Processor Intel(R) Core(TM) i7-6700K CPU @ 4.00GHz
Sep 25, 2025 01:46:53.523 [0x7f7e2c9cab38] INFO - /usr/lib/plexmediaserver/Plex Tuner Service /usr/lib/plexmediaserver/Resources/Tuner/Private /usr/lib/plexmediaserver/Resources/Tuner/Shared 1.42.2.10156-f737b826c 32600
Sep 25, 2025 01:46:53.502 [0x7f7e2e53b808] INFO - [I] broker_t::start...
Sep 25, 2025 01:46:53.505 [0x7f7e2e53b808] INFO - [I] device_manager_t::init.
Sep 25, 2025 01:46:53.505 [0x7f7e2e53b808] INFO - [I] device_manager_t::init. Initialize provider manager
Sep 25, 2025 01:46:53.505 [0x7f7e2e53b808] INFO - [I] device_manager_t::init. Initialize all device auxes
Sep 25, 2025 01:46:53.506 [0x7f7e2e53b808] INFO - [I] dvb_device_factory_t::get_aux_list
Sep 25, 2025 01:46:53.506 [0x7f7e2e53b808] INFO - [I] tvbutler_aux_t::init
Sep 25, 2025 01:46:53.511 [0x7f7e2e53b808] INFO - [I] web_server_t::start. Starting web server on port 32600
Sep 25, 2025 01:47:01.105 [0x7f7e2c736b38] INFO - [I] web_service_t::process_device_discovery
Sep 25, 2025 01:47:01.105 [0x7f7e2c736b38] INFO - [I] device_reactor_t::get_device_list ()
Sep 25, 2025 01:47:03.108 [0x7f7e2c736b38] INFO - [I] SAT2IP - discover_satip_servers(): no servers found
Sep 25, 2025 01:47:03.528 [0x7f7e2c736b38] INFO - [I] v4l::DeviceGetList_impl. getting v4l device list
Sep 25, 2025 01:47:03.531 [0x7f7e2c736b38] INFO - [I] onetv_factory::DeviceGetListEx >>
Sep 25, 2025 01:47:03.531 [0x7f7e2c736b38] WARN - [W] onetv_factory::DeviceGetListEx. libusb_init returned an error -99
Sep 25, 2025 03:08:36.021 [0x7f7e2e53b808] INFO - Received SIGINT: Interrupt from keyboard.
Sep 25, 2025 03:08:36.025 [0x7f7e2e53b808] INFO - [I] device_manager_t::term
Sep 25, 2025 03:08:36.025 [0x7f7e2e53b808] INFO - [I] device_manager_t::term. Stop all devices
Sep 25, 2025 03:08:36.025 [0x7f7e2e53b808] INFO - [I] device_manager_t::term. Shut down all device auxes
Sep 25, 2025 03:08:36.026 [0x7f7e2e53b808] INFO - [I] tvbutler_aux_t::term
Sep 25, 2025 03:08:36.045 [0x7f7e2e53b808] INFO - [I] web_server_t::stop. Web server is stopped
Sep 25, 2025 03:08:36.046 [0x7f7e2e53b808] INFO - [I] device_manager_t::term
